1493864672346	geckodriver	INFO	Listening on 127.0.0.1:63912
1493864673436	geckodriver::marionette	INFO	Starting browser /Applications/Firefox.app/Contents/MacOS/firefox-bin with args ["-marionette"]
1493864676312	Marionette	INFO	Listening on port 63922
1493864676405	Marionette	WARN	TLS certificate errors will be ignored for this session
2017-05-03 19:24:37.107 plugin-container[37043:4224123] *** CFMessagePort: bootstrap_register(): failed 1100 (0x44c) 'Permission denied', port = 0x9e3b, name = 'com.apple.tsm.portname'
See /usr/include/servers/bootstrap_defs.h for the error codes.
2017-05-03 19:24:37.108 plugin-container[37043:4224123] *** CFMessagePort: bootstrap_register(): failed 1100 (0x44c) 'Permission denied', port = 0xa103, name = 'com.apple.CFPasteboardClient'
See /usr/include/servers/bootstrap_defs.h for the error codes.
2017-05-03 19:24:49.970 firefox-bin[37041:4223985] IMKInputSession presentFunctionRowItemTextInputViewWithEndpoint:completionHandler: : [self textInputContext]=0x113bac340 *NO* NSRemoteViewController to client, NSError=Error Domain=NSCocoaErrorDomain Code=4097 "connection from pid 0" UserInfo={NSDebugDescription=connection from pid 0}, com.apple.inputmethod.EmojiFunctionRowItem
2017-05-03 19:24:55.189 firefox-bin[37041:4223985] IMKInputSession presentFunctionRowItemTextInputViewWithEndpoint:completionHandler: : [self textInputContext]=0x113bac340 *NO* NSRemoteViewController to client, NSError=Error Domain=NSCocoaErrorDomain Code=4097 "connection from pid 0" UserInfo={NSDebugDescription=connection from pid 0}, com.apple.inputmethod.EmojiFunctionRowItem
2017-05-03 19:24:55.207 firefox-bin[37041:4223985] IMKInputSession presentFunctionRowItemTextInputViewWithEndpoint:completionHandler: : [self textInputContext]=0x113bac340 *NO* NSRemoteViewController to client, NSError=Error Domain=NSCocoaErrorDomain Code=4097 "connection from pid 0" UserInfo={NSDebugDescription=connection from pid 0}, com.apple.inputmethod.EmojiFunctionRowItem
1493864697841	Marionette	INFO	New connections will no longer be accepted
1493864821639	geckodriver	INFO	Listening on 127.0.0.1:65365
1493864821700	geckodriver::marionette	INFO	Starting browser /Applications/Firefox.app/Contents/MacOS/firefox-bin with args ["-marionette"]
1493864824284	Marionette	INFO	Listening on port 65373
1493864824360	Marionette	WARN	TLS certificate errors will be ignored for this session
2017-05-03 19:27:04.792 plugin-container[37089:4226026] *** CFMessagePort: bootstrap_register(): failed 1100 (0x44c) 'Permission denied', port = 0x9e3b, name = 'com.apple.tsm.portname'
See /usr/include/servers/bootstrap_defs.h for the error codes.
2017-05-03 19:27:04.793 plugin-container[37089:4226026] *** CFMessagePort: bootstrap_register(): failed 1100 (0x44c) 'Permission denied', port = 0xa103, name = 'com.apple.CFPasteboardClient'
See /usr/include/servers/bootstrap_defs.h for the error codes.
1493864845687	Marionette	INFO	New connections will no longer be accepted
1493866602302	geckodriver	INFO	Listening on 127.0.0.1:49236
1493866602393	geckodriver::marionette	INFO	Starting browser /Applications/Firefox.app/Contents/MacOS/firefox-bin with args ["-marionette"]
1493866604477	Marionette	INFO	Listening on port 49243
1493866604584	Marionette	WARN	TLS certificate errors will be ignored for this session
2017-05-03 19:56:44.942 plugin-container[37180:4235108] *** CFMessagePort: bootstrap_register(): failed 1100 (0x44c) 'Permission denied', port = 0x9d3b, name = 'com.apple.tsm.portname'
See /usr/include/servers/bootstrap_defs.h for the error codes.
2017-05-03 19:56:44.944 plugin-container[37180:4235108] *** CFMessagePort: bootstrap_register(): failed 1100 (0x44c) 'Permission denied', port = 0xa103, name = 'com.apple.CFPasteboardClient'
See /usr/include/servers/bootstrap_defs.h for the error codes.
2017-05-03 19:56:59.675 firefox-bin[37178:4234992] IMKInputSession presentFunctionRowItemTextInputViewWithEndpoint:completionHandler: : [self textInputContext]=0x11245dee0 *NO* NSRemoteViewController to client, NSError=Error Domain=NSCocoaErrorDomain Code=4097 "connection from pid 0" UserInfo={NSDebugDescription=connection from pid 0}, com.apple.inputmethod.EmojiFunctionRowItem
2017-05-03 19:57:08.366 firefox-bin[37178:4234992] IMKInputSession presentFunctionRowItemTextInputViewWithEndpoint:completionHandler: : [self textInputContext]=0x11245dee0 *NO* NSRemoteViewController to client, NSError=Error Domain=NSCocoaErrorDomain Code=4097 "connection from pid 0" UserInfo={NSDebugDescription=connection from pid 0}, com.apple.inputmethod.EmojiFunctionRowItem
2017-05-03 19:57:17.648 firefox-bin[37178:4234992] IMKInputSession presentFunctionRowItemTextInputViewWithEndpoint:completionHandler: : [self textInputContext]=0x11245dee0 *NO* NSRemoteViewController to client, NSError=Error Domain=NSCocoaErrorDomain Code=4097 "connection from pid 0" UserInfo={NSDebugDescription=connection from pid 0}, com.apple.inputmethod.EmojiFunctionRowItem
2017-05-03 19:57:17.777 firefox-bin[37178:4234992] IMKInputSession presentFunctionRowItemTextInputViewWithEndpoint:completionHandler: : [self textInputContext]=0x11245dee0 *NO* NSRemoteViewController to client, NSError=Error Domain=NSCocoaErrorDomain Code=4097 "connection from pid 0" UserInfo={NSDebugDescription=connection from pid 0}, com.apple.inputmethod.EmojiFunctionRowItem
1493866647144	Marionette	INFO	New connections will no longer be accepted
1493866768728	geckodriver	INFO	Listening on 127.0.0.1:50910
1493866768809	geckodriver::marionette	INFO	Starting browser /Applications/Firefox.app/Contents/MacOS/firefox-bin with args ["-marionette"]
1493866770990	Marionette	INFO	Listening on port 50917
1493866771049	Marionette	WARN	TLS certificate errors will be ignored for this session
2017-05-03 19:59:31.525 plugin-container[37215:4237642] *** CFMessagePort: bootstrap_register(): failed 1100 (0x44c) 'Permission denied', port = 0x9c3b, name = 'com.apple.tsm.portname'
See /usr/include/servers/bootstrap_defs.h for the error codes.
2017-05-03 19:59:31.526 plugin-container[37215:4237642] *** CFMessagePort: bootstrap_register(): failed 1100 (0x44c) 'Permission denied', port = 0x9f03, name = 'com.apple.CFPasteboardClient'
See /usr/include/servers/bootstrap_defs.h for the error codes.
1493866789344	Marionette	INFO	New connections will no longer be accepted
1493866854348	geckodriver	INFO	Listening on 127.0.0.1:51802
1493866854425	geckodriver::marionette	INFO	Starting browser /Applications/Firefox.app/Contents/MacOS/firefox-bin with args ["-marionette"]
1493866856687	Marionette	INFO	Listening on port 51809
1493866856753	Marionette	WARN	TLS certificate errors will be ignored for this session
2017-05-03 20:00:57.273 plugin-container[37232:4239230] *** CFMessagePort: bootstrap_register(): failed 1100 (0x44c) 'Permission denied', port = 0x9c3b, name = 'com.apple.tsm.portname'
See /usr/include/servers/bootstrap_defs.h for the error codes.
2017-05-03 20:00:57.274 plugin-container[37232:4239230] *** CFMessagePort: bootstrap_register(): failed 1100 (0x44c) 'Permission denied', port = 0x9f03, name = 'com.apple.CFPasteboardClient'
See /usr/include/servers/bootstrap_defs.h for the error codes.
1493866891879	Marionette	INFO	New connections will no longer be accepted
1493866904846	geckodriver	INFO	Listening on 127.0.0.1:52354
1493866904915	geckodriver::marionette	INFO	Starting browser /Applications/Firefox.app/Contents/MacOS/firefox-bin with args ["-marionette"]
1493866906892	Marionette	INFO	Listening on port 52361
1493866907000	Marionette	WARN	TLS certificate errors will be ignored for this session
2017-05-03 20:01:47.389 plugin-container[37242:4240421] *** CFMessagePort: bootstrap_register(): failed 1100 (0x44c) 'Permission denied', port = 0x9c3b, name = 'com.apple.tsm.portname'
See /usr/include/servers/bootstrap_defs.h for the error codes.
2017-05-03 20:01:47.391 plugin-container[37242:4240421] *** CFMessagePort: bootstrap_register(): failed 1100 (0x44c) 'Permission denied', port = 0x9f03, name = 'com.apple.CFPasteboardClient'
See /usr/include/servers/bootstrap_defs.h for the error codes.
1493866928138	Marionette	INFO	New connections will no longer be accepted
1493867474983	geckodriver	INFO	Listening on 127.0.0.1:57738
1493867475079	geckodriver::marionette	INFO	Starting browser /Applications/Firefox.app/Contents/MacOS/firefox-bin with args ["-marionette"]
1493867477462	Marionette	INFO	Listening on port 57745
1493867477514	Marionette	WARN	TLS certificate errors will be ignored for this session
2017-05-03 20:11:17.975 plugin-container[37293:4244315] *** CFMessagePort: bootstrap_register(): failed 1100 (0x44c) 'Permission denied', port = 0x9c3b, name = 'com.apple.tsm.portname'
See /usr/include/servers/bootstrap_defs.h for the error codes.
2017-05-03 20:11:17.977 plugin-container[37293:4244315] *** CFMessagePort: bootstrap_register(): failed 1100 (0x44c) 'Permission denied', port = 0x9f03, name = 'com.apple.CFPasteboardClient'
See /usr/include/servers/bootstrap_defs.h for the error codes.
2017-05-03 20:11:48.395 firefox-bin[37292:4244195] IMKInputSession presentFunctionRowItemTextInputViewWithEndpoint:completionHandler: : [self textInputContext]=0x113121040 *NO* NSRemoteViewController to client, NSError=Error Domain=NSCocoaErrorDomain Code=4097 "connection from pid 0" UserInfo={NSDebugDescription=connection from pid 0}, com.apple.inputmethod.EmojiFunctionRowItem
2017-05-03 20:11:48.414 firefox-bin[37292:4244195] IMKInputSession presentFunctionRowItemTextInputViewWithEndpoint:completionHandler: : [self textInputContext]=0x113121040 *NO* NSRemoteViewController to client, NSError=Error Domain=NSCocoaErrorDomain Code=4097 "connection from pid 0" UserInfo={NSDebugDescription=connection from pid 0}, com.apple.inputmethod.EmojiFunctionRowItem
1493867522650	Marionette	INFO	New connections will no longer be accepted
1493867533174	geckodriver	INFO	Listening on 127.0.0.1:58402
1493867533275	geckodriver::marionette	INFO	Starting browser /Applications/Firefox.app/Contents/MacOS/firefox-bin with args ["-marionette"]
1493867535278	Marionette	INFO	Listening on port 58409
1493867535373	Marionette	WARN	TLS certificate errors will be ignored for this session
2017-05-03 20:12:15.746 plugin-container[37306:4245734] *** CFMessagePort: bootstrap_register(): failed 1100 (0x44c) 'Permission denied', port = 0x980b, name = 'com.apple.tsm.portname'
See /usr/include/servers/bootstrap_defs.h for the error codes.
2017-05-03 20:12:15.749 plugin-container[37306:4245734] *** CFMessagePort: bootstrap_register(): failed 1100 (0x44c) 'Permission denied', port = 0x9f03, name = 'com.apple.CFPasteboardClient'
See /usr/include/servers/bootstrap_defs.h for the error codes.
2017-05-03 20:12:39.668 firefox-bin[37305:4245586] IMKInputSession presentFunctionRowItemTextInputViewWithEndpoint:completionHandler: : [self textInputContext]=0x119004400 *NO* NSRemoteViewController to client, NSError=Error Domain=NSCocoaErrorDomain Code=4097 "connection from pid 0" UserInfo={NSDebugDescription=connection from pid 0}, com.apple.inputmethod.EmojiFunctionRowItem
2017-05-03 20:12:40.198 firefox-bin[37305:4245586] IMKInputSession presentFunctionRowItemTextInputViewWithEndpoint:completionHandler: : [self textInputContext]=0x119004400 *NO* NSRemoteViewController to client, NSError=Error Domain=NSCocoaErrorDomain Code=4097 "connection from pid 0" UserInfo={NSDebugDescription=connection from pid 0}, com.apple.inputmethod.EmojiFunctionRowItem
2017-05-03 20:12:40.212 firefox-bin[37305:4245586] IMKInputSession presentFunctionRowItemTextInputViewWithEndpoint:completionHandler: : [self textInputContext]=0x119004400 *NO* NSRemoteViewController to client, NSError=Error Domain=NSCocoaErrorDomain Code=4097 "connection from pid 0" UserInfo={NSDebugDescription=connection from pid 0}, com.apple.inputmethod.EmojiFunctionRowItem
1493867589355	Marionette	INFO	New connections will no longer be accepted
1493869679382	geckodriver	INFO	Listening on 127.0.0.1:61983
1493869679461	geckodriver::marionette	INFO	Starting browser /Applications/Firefox.app/Contents/MacOS/firefox-bin with args ["-marionette"]
1493869681912	Marionette	INFO	Listening on port 61990
1493869681985	Marionette	WARN	TLS certificate errors will be ignored for this session
2017-05-03 20:48:02.375 plugin-container[37514:4257816] *** CFMessagePort: bootstrap_register(): failed 1100 (0x44c) 'Permission denied', port = 0x9e3b, name = 'com.apple.tsm.portname'
See /usr/include/servers/bootstrap_defs.h for the error codes.
2017-05-03 20:48:02.376 plugin-container[37514:4257816] *** CFMessagePort: bootstrap_register(): failed 1100 (0x44c) 'Permission denied', port = 0xa103, name = 'com.apple.CFPasteboardClient'
See /usr/include/servers/bootstrap_defs.h for the error codes.
2017-05-03 20:48:16.540 firefox-bin[37512:4257671] IMKInputSession presentFunctionRowItemTextInputViewWithEndpoint:completionHandler: : [self textInputContext]=0x119afc9a0 *NO* NSRemoteViewController to client, NSError=Error Domain=NSCocoaErrorDomain Code=4097 "connection from pid 0" UserInfo={NSDebugDescription=connection from pid 0}, com.apple.inputmethod.EmojiFunctionRowItem
2017-05-03 20:48:16.556 firefox-bin[37512:4257671] IMKInputSession presentFunctionRowItemTextInputViewWithEndpoint:completionHandler: : [self textInputContext]=0x119afc9a0 *NO* NSRemoteViewController to client, NSError=Error Domain=NSCocoaErrorDomain Code=4097 "connection from pid 0" UserInfo={NSDebugDescription=connection from pid 0}, com.apple.inputmethod.EmojiFunctionRowItem
2017-05-03 20:48:18.270 firefox-bin[37512:4257671] IMKInputSession presentFunctionRowItemTextInputViewWithEndpoint:completionHandler: : [self textInputContext]=0x119afc9a0 *NO* NSRemoteViewController to client, NSError=Error Domain=NSCocoaErrorDomain Code=4097 "connection from pid 0" UserInfo={NSDebugDescription=connection from pid 0}, com.apple.inputmethod.EmojiFunctionRowItem
2017-05-03 20:48:29.543 firefox-bin[37512:4257671] IMKInputSession presentFunctionRowItemTextInputViewWithEndpoint:completionHandler: : [self textInputContext]=0x119afc9a0 *NO* NSRemoteViewController to client, NSError=Error Domain=NSCocoaErrorDomain Code=4097 "connection from pid 0" UserInfo={NSDebugDescription=connection from pid 0}, com.apple.inputmethod.EmojiFunctionRowItem
2017-05-03 20:48:29.664 firefox-bin[37512:4257671] IMKInputSession presentFunctionRowItemTextInputViewWithEndpoint:completionHandler: : [self textInputContext]=0x119afc9a0 *NO* NSRemoteViewController to client, NSError=Error Domain=NSCocoaErrorDomain Code=4097 "connection from pid 0" UserInfo={NSDebugDescription=connection from pid 0}, com.apple.inputmethod.EmojiFunctionRowItem
1493869710966	Marionette	INFO	New connections will no longer be accepted
1493869823378	geckodriver	INFO	Listening on 127.0.0.1:63398
1493869823447	geckodriver::marionette	INFO	Starting browser /Applications/Firefox.app/Contents/MacOS/firefox-bin with args ["-marionette"]
1493869825550	Marionette	INFO	Listening on port 63405
1493869825648	Marionette	WARN	TLS certificate errors will be ignored for this session
2017-05-03 20:50:26.017 plugin-container[37535:4259899] *** CFMessagePort: bootstrap_register(): failed 1100 (0x44c) 'Permission denied', port = 0x9c3b, name = 'com.apple.tsm.portname'
See /usr/include/servers/bootstrap_defs.h for the error codes.
2017-05-03 20:50:26.018 plugin-container[37535:4259899] *** CFMessagePort: bootstrap_register(): failed 1100 (0x44c) 'Permission denied', port = 0x9f03, name = 'com.apple.CFPasteboardClient'
See /usr/include/servers/bootstrap_defs.h for the error codes.
1493869853881	Marionette	INFO	New connections will no longer be accepted
1493870214666	geckodriver	INFO	Listening on 127.0.0.1:50707
1493870214731	geckodriver::marionette	INFO	Starting browser /Applications/Firefox.app/Contents/MacOS/firefox-bin with args ["-marionette"]
1493870217082	Marionette	INFO	Listening on port 50715
1493870217161	Marionette	WARN	TLS certificate errors will be ignored for this session
2017-05-03 20:56:57.527 plugin-container[37573:4262782] *** CFMessagePort: bootstrap_register(): failed 1100 (0x44c) 'Permission denied', port = 0x9c37, name = 'com.apple.tsm.portname'
See /usr/include/servers/bootstrap_defs.h for the error codes.
2017-05-03 20:56:57.528 plugin-container[37573:4262782] *** CFMessagePort: bootstrap_register(): failed 1100 (0x44c) 'Permission denied', port = 0x9f03, name = 'com.apple.CFPasteboardClient'
See /usr/include/servers/bootstrap_defs.h for the error codes.
1493870248407	Marionette	INFO	New connections will no longer be accepted
1493870336913	geckodriver	INFO	Listening on 127.0.0.1:52007
1493870336988	geckodriver::marionette	INFO	Starting browser /Applications/Firefox.app/Contents/MacOS/firefox-bin with args ["-marionette"]
1493870339375	Marionette	INFO	Listening on port 52014
1493870339432	Marionette	WARN	TLS certificate errors will be ignored for this session
2017-05-03 20:58:59.946 plugin-container[37592:4264896] *** CFMessagePort: bootstrap_register(): failed 1100 (0x44c) 'Permission denied', port = 0x9d3b, name = 'com.apple.tsm.portname'
See /usr/include/servers/bootstrap_defs.h for the error codes.
2017-05-03 20:58:59.947 plugin-container[37592:4264896] *** CFMessagePort: bootstrap_register(): failed 1100 (0x44c) 'Permission denied', port = 0xa003, name = 'com.apple.CFPasteboardClient'
See /usr/include/servers/bootstrap_defs.h for the error codes.
1493870376566	Marionette	INFO	New connections will no longer be accepted
1493870996802	geckodriver	INFO	Listening on 127.0.0.1:58351
1493870996860	geckodriver::marionette	INFO	Starting browser /Applications/Firefox.app/Contents/MacOS/firefox-bin with args ["-marionette"]
1493870999149	Marionette	INFO	Listening on port 58358
1493870999255	Marionette	WARN	TLS certificate errors will be ignored for this session
2017-05-03 21:09:59.599 plugin-container[37638:4271132] *** CFMessagePort: bootstrap_register(): failed 1100 (0x44c) 'Permission denied', port = 0x9c3b, name = 'com.apple.tsm.portname'
See /usr/include/servers/bootstrap_defs.h for the error codes.
2017-05-03 21:09:59.600 plugin-container[37638:4271132] *** CFMessagePort: bootstrap_register(): failed 1100 (0x44c) 'Permission denied', port = 0x9f03, name = 'com.apple.CFPasteboardClient'
See /usr/include/servers/bootstrap_defs.h for the error codes.
1493871017277	Marionette	INFO	New connections will no longer be accepted
1493871093683	geckodriver	INFO	Listening on 127.0.0.1:59438
1493871093737	geckodriver::marionette	INFO	Starting browser /Applications/Firefox.app/Contents/MacOS/firefox-bin with args ["-marionette"]
1493871095754	Marionette	INFO	Listening on port 59445
1493871095824	Marionette	WARN	TLS certificate errors will be ignored for this session
2017-05-03 21:11:36.200 plugin-container[37668:4273141] *** CFMessagePort: bootstrap_register(): failed 1100 (0x44c) 'Permission denied', port = 0x9c33, name = 'com.apple.tsm.portname'
See /usr/include/servers/bootstrap_defs.h for the error codes.
2017-05-03 21:11:36.200 plugin-container[37668:4273141] *** CFMessagePort: bootstrap_register(): failed 1100 (0x44c) 'Permission denied', port = 0x9f03, name = 'com.apple.CFPasteboardClient'
See /usr/include/servers/bootstrap_defs.h for the error codes.
1493871111445	Marionette	INFO	New connections will no longer be accepted
[GFX1]: [Tiling:Client] Failed to allocate a TextureClient
[Child 37668] WARNING: pipe error: Broken pipe: file /builds/slave/m-rel-m64-00000000000000000000/build/src/ipc/chromium/src/chrome/common/ipc_channel_posix.cc, line 702
1493871437778	geckodriver	INFO	Listening on 127.0.0.1:62797
1493871437844	geckodriver::marionette	INFO	Starting browser /Applications/Firefox.app/Contents/MacOS/firefox-bin with args ["-marionette"]
1493871439876	Marionette	INFO	Listening on port 62804
1493871439938	Marionette	WARN	TLS certificate errors will be ignored for this session
2017-05-03 21:17:20.315 plugin-container[37711:4276307] *** CFMessagePort: bootstrap_register(): failed 1100 (0x44c) 'Permission denied', port = 0x9c3b, name = 'com.apple.tsm.portname'
See /usr/include/servers/bootstrap_defs.h for the error codes.
2017-05-03 21:17:20.315 plugin-container[37711:4276307] *** CFMessagePort: bootstrap_register(): failed 1100 (0x44c) 'Permission denied', port = 0x9f03, name = 'com.apple.CFPasteboardClient'
See /usr/include/servers/bootstrap_defs.h for the error codes.
1493871457249	Marionette	INFO	New connections will no longer be accepted
[Child 37711] WARNING: pipe error: Broken pipe: file /builds/slave/m-rel-m64-00000000000000000000/build/src/ipc/chromium/src/chrome/common/ipc_channel_posix.cc, line 702
1493871493204	geckodriver	INFO	Listening on 127.0.0.1:63392
1493871493266	geckodriver::marionette	INFO	Starting browser /Applications/Firefox.app/Contents/MacOS/firefox-bin with args ["-marionette"]
1493871495274	Marionette	INFO	Listening on port 63399
1493871495359	Marionette	WARN	TLS certificate errors will be ignored for this session
2017-05-03 21:18:15.707 plugin-container[37726:4277675] *** CFMessagePort: bootstrap_register(): failed 1100 (0x44c) 'Permission denied', port = 0x9c3b, name = 'com.apple.tsm.portname'
See /usr/include/servers/bootstrap_defs.h for the error codes.
2017-05-03 21:18:15.707 plugin-container[37726:4277675] *** CFMessagePort: bootstrap_register(): failed 1100 (0x44c) 'Permission denied', port = 0x9f03, name = 'com.apple.CFPasteboardClient'
See /usr/include/servers/bootstrap_defs.h for the error codes.
1493871513178	Marionette	INFO	New connections will no longer be accepted
1493948664336	geckodriver	INFO	Listening on 127.0.0.1:52439
1493948665438	geckodriver::marionette	INFO	Starting browser /Applications/Firefox.app/Contents/MacOS/firefox-bin with args ["-marionette"]
1493948667655	Marionette	INFO	Listening on port 52460
1493948667770	Marionette	WARN	TLS certificate errors will be ignored for this session
2017-05-04 18:44:28.208 plugin-container[39806:4516626] *** CFMessagePort: bootstrap_register(): failed 1100 (0x44c) 'Permission denied', port = 0x9c3b, name = 'com.apple.tsm.portname'
See /usr/include/servers/bootstrap_defs.h for the error codes.
2017-05-04 18:44:28.209 plugin-container[39806:4516626] *** CFMessagePort: bootstrap_register(): failed 1100 (0x44c) 'Permission denied', port = 0x9f03, name = 'com.apple.CFPasteboardClient'
See /usr/include/servers/bootstrap_defs.h for the error codes.
1493948696776	Marionette	INFO	New connections will no longer be accepted
1493948775441	geckodriver	INFO	Listening on 127.0.0.1:53524
1493948775503	geckodriver::marionette	INFO	Starting browser /Applications/Firefox.app/Contents/MacOS/firefox-bin with args ["-marionette"]
1493948777786	Marionette	INFO	Listening on port 53531
1493948777849	Marionette	WARN	TLS certificate errors will be ignored for this session
2017-05-04 18:46:18.272 plugin-container[39829:4518497] *** CFMessagePort: bootstrap_register(): failed 1100 (0x44c) 'Permission denied', port = 0x9c3b, name = 'com.apple.tsm.portname'
See /usr/include/servers/bootstrap_defs.h for the error codes.
2017-05-04 18:46:18.273 plugin-container[39829:4518497] *** CFMessagePort: bootstrap_register(): failed 1100 (0x44c) 'Permission denied', port = 0x9f03, name = 'com.apple.CFPasteboardClient'
See /usr/include/servers/bootstrap_defs.h for the error codes.
1493948803113	Marionette	INFO	New connections will no longer be accepted
1494037629995	geckodriver	INFO	Listening on 127.0.0.1:59370
1494037631081	geckodriver::marionette	INFO	Starting browser /Applications/Firefox.app/Contents/MacOS/firefox-bin with args ["-marionette"]
1494037633020	Marionette	INFO	Listening on port 59382
1494037633077	Marionette	WARN	TLS certificate errors will be ignored for this session
2017-05-05 19:27:13.444 plugin-container[41021:4655685] *** CFMessagePort: bootstrap_register(): failed 1100 (0x44c) 'Permission denied', port = 0x9c3b, name = 'com.apple.tsm.portname'
See /usr/include/servers/bootstrap_defs.h for the error codes.
2017-05-05 19:27:13.445 plugin-container[41021:4655685] *** CFMessagePort: bootstrap_register(): failed 1100 (0x44c) 'Permission denied', port = 0x9f03, name = 'com.apple.CFPasteboardClient'
See /usr/include/servers/bootstrap_defs.h for the error codes.
1494037648510	Marionette	INFO	New connections will no longer be accepted
1494037717045	geckodriver	INFO	Listening on 127.0.0.1:60259
1494037717098	geckodriver::marionette	INFO	Starting browser /Applications/Firefox.app/Contents/MacOS/firefox-bin with args ["-marionette"]
1494037718926	Marionette	INFO	Listening on port 60266
1494037718985	Marionette	WARN	TLS certificate errors will be ignored for this session
2017-05-05 19:28:39.336 plugin-container[41045:4657158] *** CFMessagePort: bootstrap_register(): failed 1100 (0x44c) 'Permission denied', port = 0x9c3b, name = 'com.apple.tsm.portname'
See /usr/include/servers/bootstrap_defs.h for the error codes.
2017-05-05 19:28:39.337 plugin-container[41045:4657158] *** CFMessagePort: bootstrap_register(): failed 1100 (0x44c) 'Permission denied', port = 0x9f03, name = 'com.apple.CFPasteboardClient'
See /usr/include/servers/bootstrap_defs.h for the error codes.
1494037734129	Marionette	INFO	New connections will no longer be accepted
1494037836009	geckodriver	INFO	Listening on 127.0.0.1:61408
1494037836061	geckodriver::marionette	INFO	Starting browser /Applications/Firefox.app/Contents/MacOS/firefox-bin with args ["-marionette"]
1494037837908	Marionette	INFO	Listening on port 61415
1494037837958	Marionette	WARN	TLS certificate errors will be ignored for this session
2017-05-05 19:30:38.319 plugin-container[41076:4658799] *** CFMessagePort: bootstrap_register(): failed 1100 (0x44c) 'Permission denied', port = 0x9e3b, name = 'com.apple.tsm.portname'
See /usr/include/servers/bootstrap_defs.h for the error codes.
2017-05-05 19:30:38.320 plugin-container[41076:4658799] *** CFMessagePort: bootstrap_register(): failed 1100 (0x44c) 'Permission denied', port = 0xa103, name = 'com.apple.CFPasteboardClient'
See /usr/include/servers/bootstrap_defs.h for the error codes.
1494037856556	Marionette	INFO	New connections will no longer be accepted
[GFX1]: [Tiling:Client] Failed to allocate a TextureClient
[GFX1]: ValidateTile failed
[GFX1]: [Tiling:Client] Failed to allocate a TextureClient
[GFX1]: ValidateTile failed
[GFX1]: [Tiling:Client] Failed to allocate a TextureClient
[GFX1]: ValidateTile failed
[GFX1]: [Tiling:Client] Failed to allocate a TextureClient
[GFX1]: ValidateTile failed
[GFX1]: [Tiling:Client] Failed to allocate a TextureClient
[GFX1]: ValidateTile failed
[GFX1]: [Tiling:Client] Failed to allocate a TextureClient
[GFX1]: ValidateTile failed
1494037962446	geckodriver	INFO	Listening on 127.0.0.1:62656
1494037962496	geckodriver::marionette	INFO	Starting browser /Applications/Firefox.app/Contents/MacOS/firefox-bin with args ["-marionette"]
1494037964306	Marionette	INFO	Listening on port 62663
1494037964380	Marionette	WARN	TLS certificate errors will be ignored for this session
2017-05-05 19:32:44.724 plugin-container[41099:4660432] *** CFMessagePort: bootstrap_register(): failed 1100 (0x44c) 'Permission denied', port = 0x9c37, name = 'com.apple.tsm.portname'
See /usr/include/servers/bootstrap_defs.h for the error codes.
2017-05-05 19:32:44.724 plugin-container[41099:4660432] *** CFMessagePort: bootstrap_register(): failed 1100 (0x44c) 'Permission denied', port = 0x9f03, name = 'com.apple.CFPasteboardClient'
See /usr/include/servers/bootstrap_defs.h for the error codes.
1494037982882	Marionette	INFO	New connections will no longer be accepted
1494038286650	geckodriver	INFO	Listening on 127.0.0.1:49374
1494038286718	geckodriver::marionette	INFO	Starting browser /Applications/Firefox.app/Contents/MacOS/firefox-bin with args ["-marionette"]
1494038288493	Marionette	INFO	Listening on port 49382
1494038288598	Marionette	WARN	TLS certificate errors will be ignored for this session
2017-05-05 19:38:08.910 plugin-container[41129:4662837] *** CFMessagePort: bootstrap_register(): failed 1100 (0x44c) 'Permission denied', port = 0x9c37, name = 'com.apple.tsm.portname'
See /usr/include/servers/bootstrap_defs.h for the error codes.
2017-05-05 19:38:08.911 plugin-container[41129:4662837] *** CFMessagePort: bootstrap_register(): failed 1100 (0x44c) 'Permission denied', port = 0x9f03, name = 'com.apple.CFPasteboardClient'
See /usr/include/servers/bootstrap_defs.h for the error codes.
1494038304729	Marionette	INFO	New connections will no longer be accepted
[Child 41129] WARNING: pipe error: Broken pipe: file /builds/slave/m-rel-m64-00000000000000000000/build/src/ipc/chromium/src/chrome/common/ipc_channel_posix.cc, line 702
1494044967293	geckodriver	INFO	Listening on 127.0.0.1:54758
1494044967434	geckodriver::marionette	INFO	Starting browser /Applications/Firefox.app/Contents/MacOS/firefox-bin with args ["-marionette"]
1494044969414	Marionette	INFO	Listening on port 54765
1494044969514	Marionette	WARN	TLS certificate errors will be ignored for this session
2017-05-05 21:29:29.841 plugin-container[41710:4697623] *** CFMessagePort: bootstrap_register(): failed 1100 (0x44c) 'Permission denied', port = 0x9e3b, name = 'com.apple.tsm.portname'
See /usr/include/servers/bootstrap_defs.h for the error codes.
2017-05-05 21:29:29.842 plugin-container[41710:4697623] *** CFMessagePort: bootstrap_register(): failed 1100 (0x44c) 'Permission denied', port = 0xa103, name = 'com.apple.CFPasteboardClient'
See /usr/include/servers/bootstrap_defs.h for the error codes.
1494044983956	Marionette	INFO	New connections will no longer be accepted
[GFX1-]: Receive IPC close with reason=AbnormalShutdown
1494045007663	geckodriver	INFO	Listening on 127.0.0.1:55238
1494045007964	geckodriver::marionette	INFO	Starting browser /Applications/Firefox.app/Contents/MacOS/firefox-bin with args ["-marionette"]
1494045009858	Marionette	INFO	Listening on port 55245
1494045009952	Marionette	WARN	TLS certificate errors will be ignored for this session
2017-05-05 21:30:10.329 plugin-container[41725:4698582] *** CFMessagePort: bootstrap_register(): failed 1100 (0x44c) 'Permission denied', port = 0x9e3b, name = 'com.apple.tsm.portname'
See /usr/include/servers/bootstrap_defs.h for the error codes.
2017-05-05 21:30:10.329 plugin-container[41725:4698582] *** CFMessagePort: bootstrap_register(): failed 1100 (0x44c) 'Permission denied', port = 0xa103, name = 'com.apple.CFPasteboardClient'
See /usr/include/servers/bootstrap_defs.h for the error codes.
1494045032291	Marionette	INFO	New connections will no longer be accepted
1494045135512	geckodriver	INFO	Listening on 127.0.0.1:56509
1494045135567	geckodriver::marionette	INFO	Starting browser /Applications/Firefox.app/Contents/MacOS/firefox-bin with args ["-marionette"]
1494045137493	Marionette	INFO	Listening on port 56516
1494045137541	Marionette	WARN	TLS certificate errors will be ignored for this session
2017-05-05 21:32:17.880 plugin-container[41760:4700687] *** CFMessagePort: bootstrap_register(): failed 1100 (0x44c) 'Permission denied', port = 0x9e3b, name = 'com.apple.tsm.portname'
See /usr/include/servers/bootstrap_defs.h for the error codes.
2017-05-05 21:32:17.881 plugin-container[41760:4700687] *** CFMessagePort: bootstrap_register(): failed 1100 (0x44c) 'Permission denied', port = 0xa103, name = 'com.apple.CFPasteboardClient'
See /usr/include/servers/bootstrap_defs.h for the error codes.
1494045151404	Marionette	INFO	New connections will no longer be accepted
1494045205261	geckodriver	INFO	Listening on 127.0.0.1:57293
1494045205304	geckodriver::marionette	INFO	Starting browser /Applications/Firefox.app/Contents/MacOS/firefox-bin with args ["-marionette"]
1494045207198	Marionette	INFO	Listening on port 57300
1494045207297	Marionette	WARN	TLS certificate errors will be ignored for this session
2017-05-05 21:33:27.637 plugin-container[41809:4702154] *** CFMessagePort: bootstrap_register(): failed 1100 (0x44c) 'Permission denied', port = 0x9c3b, name = 'com.apple.tsm.portname'
See /usr/include/servers/bootstrap_defs.h for the error codes.
2017-05-05 21:33:27.638 plugin-container[41809:4702154] *** CFMessagePort: bootstrap_register(): failed 1100 (0x44c) 'Permission denied', port = 0x9f03, name = 'com.apple.CFPasteboardClient'
See /usr/include/servers/bootstrap_defs.h for the error codes.
1494045226436	Marionette	INFO	New connections will no longer be accepted
1494045421037	geckodriver	INFO	Listening on 127.0.0.1:59653
1494045421087	geckodriver::marionette	INFO	Starting browser /Applications/Firefox.app/Contents/MacOS/firefox-bin with args ["-marionette"]
1494045422975	Marionette	INFO	Listening on port 59660
1494045423061	Marionette	WARN	TLS certificate errors will be ignored for this session
2017-05-05 21:37:03.367 plugin-container[41862:4704516] *** CFMessagePort: bootstrap_register(): failed 1100 (0x44c) 'Permission denied', port = 0x9e3b, name = 'com.apple.tsm.portname'
See /usr/include/servers/bootstrap_defs.h for the error codes.
2017-05-05 21:37:03.368 plugin-container[41862:4704516] *** CFMessagePort: bootstrap_register(): failed 1100 (0x44c) 'Permission denied', port = 0xa103, name = 'com.apple.CFPasteboardClient'
See /usr/include/servers/bootstrap_defs.h for the error codes.
1494045446509	Marionette	INFO	New connections will no longer be accepted
1494047365749	geckodriver	INFO	Listening on 127.0.0.1:61589
1494047365805	geckodriver::marionette	INFO	Starting browser /Applications/Firefox.app/Contents/MacOS/firefox-bin with args ["-marionette"]
1494047367653	Marionette	INFO	Listening on port 61596
1494047367707	Marionette	WARN	TLS certificate errors will be ignored for this session
2017-05-05 22:09:28.062 plugin-container[42049:4718895] *** CFMessagePort: bootstrap_register(): failed 1100 (0x44c) 'Permission denied', port = 0x9d37, name = 'com.apple.tsm.portname'
See /usr/include/servers/bootstrap_defs.h for the error codes.
2017-05-05 22:09:28.063 plugin-container[42049:4718895] *** CFMessagePort: bootstrap_register(): failed 1100 (0x44c) 'Permission denied', port = 0xa003, name = 'com.apple.CFPasteboardClient'
See /usr/include/servers/bootstrap_defs.h for the error codes.
1494047387496	Marionette	INFO	New connections will no longer be accepted
1494047723304	geckodriver	INFO	Listening on 127.0.0.1:64919
1494047723351	geckodriver::marionette	INFO	Starting browser /Applications/Firefox.app/Contents/MacOS/firefox-bin with args ["-marionette"]
1494047725062	Marionette	INFO	Listening on port 64926
1494047725127	Marionette	WARN	TLS certificate errors will be ignored for this session
2017-05-05 22:15:25.503 plugin-container[42117:4721331] *** CFMessagePort: bootstrap_register(): failed 1100 (0x44c) 'Permission denied', port = 0x9c3b, name = 'com.apple.tsm.portname'
See /usr/include/servers/bootstrap_defs.h for the error codes.
2017-05-05 22:15:25.504 plugin-container[42117:4721331] *** CFMessagePort: bootstrap_register(): failed 1100 (0x44c) 'Permission denied', port = 0x9f03, name = 'com.apple.CFPasteboardClient'
See /usr/include/servers/bootstrap_defs.h for the error codes.
1494047737635	Marionette	INFO	New connections will no longer be accepted
